<?xml version="1.0" encoding="UTF-8"?>
<!-- Generated by org.testng.reporters.JUnitReportReporter -->
<testsuite hostname="LAPTOP-SF96U7CG" failures="0" tests="5" name="testCases.TC003_LoginDDT" time="36.164" errors="0" timestamp="2025-07-18T09:14:20 IST" skipped="0">
  <testcase classname="testCases.TC003_LoginDDT" name="verify_loginDDT" time="10.533"/>
  <testcase classname="testCases.TC003_LoginDDT" name="verify_loginDDT" time="1.391"/>
  <testcase classname="testCases.TC003_LoginDDT" name="verify_loginDDT" time="11.277"/>
  <testcase classname="testCases.TC003_LoginDDT" name="verify_loginDDT" time="11.165"/>
  <testcase classname="testCases.TC003_LoginDDT" name="verify_loginDDT" time="1.798"/>
</testsuite> <!-- testCases.TC003_LoginDDT -->
