<?xml version="1.0" encoding="UTF-8"?>
<!-- Generated by org.testng.reporters.JUnitReportReporter -->
<testsuite hostname="LAPTOP-SF96U7CG" failures="0" tests="1" name="testCases.TC002_LoginTest" time="1.456" errors="0" timestamp="2025-07-20T17:48:51 IST" skipped="0">
  <testcase classname="testCases.TC002_LoginTest" name="verify_login" time="1.456"/>
</testsuite> <!-- testCases.TC002_LoginTest -->
