<?xml version="1.0" encoding="UTF-8"?>
<!-- Generated by org.testng.reporters.JUnitReportReporter -->
<testsuite hostname="LAPTOP-SF96U7CG" failures="0" tests="1" name="testCases.TC001_AccountRegistration" time="1.710" errors="0" timestamp="2025-07-23T21:43:59 IST" skipped="0">
  <testcase classname="testCases.TC001_AccountRegistration" name="verify_account_registration" time="1.710"/>
</testsuite> <!-- testCases.TC001_AccountRegistration -->
